running egg_info
creating ../../build/demo/demo.egg-info
writing ../../build/demo/demo.egg-info/PKG-INFO
writing dependency_links to ../../build/demo/demo.egg-info/dependency_links.txt
writing entry points to ../../build/demo/demo.egg-info/entry_points.txt
writing requirements to ../../build/demo/demo.egg-info/requires.txt
writing top-level names to ../../build/demo/demo.egg-info/top_level.txt
writing manifest file '../../build/demo/demo.egg-info/SOURCES.txt'
reading manifest file '../../build/demo/demo.egg-info/SOURCES.txt'
writing manifest file '../../build/demo/demo.egg-info/SOURCES.txt'
running build
running build_py
creating /home/badawy/ROS/ROS_ws_demo/build/demo/build
creating /home/badawy/ROS/ROS_ws_demo/build/demo/build/lib
creating /home/badawy/ROS/ROS_ws_demo/build/demo/build/lib/demo
copying demo/node.py -> /home/badawy/ROS/ROS_ws_demo/build/demo/build/lib/demo
copying demo/__init__.py -> /home/badawy/ROS/ROS_ws_demo/build/demo/build/lib/demo
running install
running install_lib
creating /home/badawy/ROS/ROS_ws_demo/install/demo/lib/python3.12/site-packages/demo
copying /home/badawy/ROS/ROS_ws_demo/build/demo/build/lib/demo/node.py -> /home/badawy/ROS/ROS_ws_demo/install/demo/lib/python3.12/site-packages/demo
copying /home/badawy/ROS/ROS_ws_demo/build/demo/build/lib/demo/__init__.py -> /home/badawy/ROS/ROS_ws_demo/install/demo/lib/python3.12/site-packages/demo
byte-compiling /home/badawy/ROS/ROS_ws_demo/install/demo/lib/python3.12/site-packages/demo/node.py to node.cpython-312.pyc
byte-compiling /home/badawy/ROS/ROS_ws_demo/install/demo/lib/python3.12/site-packages/demo/__init__.py to __init__.cpython-312.pyc
running install_data
creating /home/badawy/ROS/ROS_ws_demo/install/demo/share/ament_index
creating /home/badawy/ROS/ROS_ws_demo/install/demo/share/ament_index/resource_index
creating /home/badawy/ROS/ROS_ws_demo/install/demo/share/ament_index/resource_index/packages
copying resource/demo -> /home/badawy/ROS/ROS_ws_demo/install/demo/share/ament_index/resource_index/packages
copying package.xml -> /home/badawy/ROS/ROS_ws_demo/install/demo/share/demo
running install_egg_info
Copying ../../build/demo/demo.egg-info to /home/badawy/ROS/ROS_ws_demo/install/demo/lib/python3.12/site-packages/demo-0.0.0-py3.12.egg-info
running install_scripts
Installing test_node script to /home/badawy/ROS/ROS_ws_demo/install/demo/lib/demo
writing list of installed files to '/home/badawy/ROS/ROS_ws_demo/build/demo/install.log'
